[0.010s] Invoking command in '/home/lucas/rb_diff_ws/src/rb_diff/build/rb_diff': CMAKE_PREFIX_PATH=/opt/ros/humble /usr/bin/cmake /home/lucas/rb_diff_ws/src/rb_diff -DAMENT_CMAKE_SYMLINK_INSTALL=1 -DCMAKE_INSTALL_PREFIX=/home/lucas/rb_diff_ws/src/rb_diff/install/rb_diff
[0.125s] -- The C compiler identification is GNU 11.4.0
[0.201s] -- The CXX compiler identification is GNU 11.4.0
[0.209s] -- Detecting C compiler ABI info
[0.270s] -- Detecting C compiler ABI info - done
[0.279s] -- Check for working C compiler: /usr/bin/cc - skipped
[0.280s] -- Detecting C compile features
[0.280s] -- Detecting C compile features - done
[0.284s] -- Detecting CXX compiler ABI info
[0.398s] -- Detecting CXX compiler ABI info - done
[0.407s] -- Check for working CXX compiler: /usr/bin/c++ - skipped
[0.407s] -- Detecting CXX compile features
[0.408s] -- Detecting CXX compile features - done
[0.413s] -- Found ament_cmake: 1.3.10 (/opt/ros/humble/share/ament_cmake/cmake)
[0.562s] -- Found Python3: /usr/bin/python3 (found version "3.10.12") found components: Interpreter 
[0.616s] -- Override CMake install command with custom implementation using symlinks instead of copying resources
[0.641s] -- Found ament_lint_auto: 0.12.11 (/opt/ros/humble/share/ament_lint_auto/cmake)
[0.710s] -- Added test 'copyright' to check source files copyright and LICENSE
[0.718s] -- Added test 'cppcheck' to perform static code analysis on C / C++ code
[0.718s] -- Configured cppcheck include dirs: 
[0.718s] -- Configured cppcheck exclude dirs and/or files: 
[0.725s] -- Added test 'cpplint' to check C / C++ code against the Google style
[0.725s] -- Configured cpplint exclude dirs and/or files: 
[0.727s] -- Added test 'flake8' to check Python code syntax and style conventions
[0.729s] -- Added test 'lint_cmake' to check CMake code style
[0.730s] -- Added test 'pep257' to check Python code against some of the docstring style conventions in PEP 257
[0.738s] -- Added test 'uncrustify' to check C / C++ code style
[0.738s] -- Configured uncrustify additional arguments: 
[0.739s] -- Added test 'xmllint' to check XML markup files
[0.741s] -- Configuring done
[0.744s] -- Generating done
[0.745s] -- Build files have been written to: /home/lucas/rb_diff_ws/src/rb_diff/build/rb_diff
[0.750s] Invoked command in '/home/lucas/rb_diff_ws/src/rb_diff/build/rb_diff' returned '0': CMAKE_PREFIX_PATH=/opt/ros/humble /usr/bin/cmake /home/lucas/rb_diff_ws/src/rb_diff -DAMENT_CMAKE_SYMLINK_INSTALL=1 -DCMAKE_INSTALL_PREFIX=/home/lucas/rb_diff_ws/src/rb_diff/install/rb_diff
[0.751s] Invoking command in '/home/lucas/rb_diff_ws/src/rb_diff/build/rb_diff': CMAKE_PREFIX_PATH=/opt/ros/humble /usr/bin/cmake --build /home/lucas/rb_diff_ws/src/rb_diff/build/rb_diff -- -j8 -l8
[0.783s] Invoked command in '/home/lucas/rb_diff_ws/src/rb_diff/build/rb_diff' returned '0': CMAKE_PREFIX_PATH=/opt/ros/humble /usr/bin/cmake --build /home/lucas/rb_diff_ws/src/rb_diff/build/rb_diff -- -j8 -l8
[0.807s] Invoking command in '/home/lucas/rb_diff_ws/src/rb_diff/build/rb_diff': CMAKE_PREFIX_PATH=/opt/ros/humble /usr/bin/cmake --install /home/lucas/rb_diff_ws/src/rb_diff/build/rb_diff
[0.814s] -- Install configuration: ""
[0.814s] -- Execute custom install script
[0.815s] -- Symlinking: /home/lucas/rb_diff_ws/src/rb_diff/install/rb_diff/share/rb_diff/config/ball_tracker_params_robot.yaml
[0.822s] -- Symlinking: /home/lucas/rb_diff_ws/src/rb_diff/install/rb_diff/share/rb_diff/config/ball_tracker_params_sim.yaml
[0.829s] -- Symlinking: /home/lucas/rb_diff_ws/src/rb_diff/install/rb_diff/share/rb_diff/config/drive_bot.rviz
[0.836s] -- Symlinking: /home/lucas/rb_diff_ws/src/rb_diff/install/rb_diff/share/rb_diff/config/empty.yaml
[0.843s] -- Symlinking: /home/lucas/rb_diff_ws/src/rb_diff/install/rb_diff/share/rb_diff/config/gaz_ros2_ctl_use_sim.yaml
[0.851s] -- Symlinking: /home/lucas/rb_diff_ws/src/rb_diff/install/rb_diff/share/rb_diff/config/gazebo_params.yaml
[0.859s] -- Symlinking: /home/lucas/rb_diff_ws/src/rb_diff/install/rb_diff/share/rb_diff/config/joystick.yaml
[0.867s] -- Symlinking: /home/lucas/rb_diff_ws/src/rb_diff/install/rb_diff/share/rb_diff/config/main.rviz
[0.875s] -- Symlinking: /home/lucas/rb_diff_ws/src/rb_diff/install/rb_diff/share/rb_diff/config/map.rviz
[0.884s] -- Symlinking: /home/lucas/rb_diff_ws/src/rb_diff/install/rb_diff/share/rb_diff/config/mapper_params_online_async.yaml
[0.892s] -- Symlinking: /home/lucas/rb_diff_ws/src/rb_diff/install/rb_diff/share/rb_diff/config/my_controllers.yaml
[0.908s] -- Symlinking: /home/lucas/rb_diff_ws/src/rb_diff/install/rb_diff/share/rb_diff/config/nav2_params.yaml
[0.916s] -- Symlinking: /home/lucas/rb_diff_ws/src/rb_diff/install/rb_diff/share/rb_diff/config/twist_mux.yaml
[0.924s] -- Symlinking: /home/lucas/rb_diff_ws/src/rb_diff/install/rb_diff/share/rb_diff/config/view_bot.rviz
[0.931s] -- Symlinking: /home/lucas/rb_diff_ws/src/rb_diff/install/rb_diff/share/rb_diff/description/camera.xacro
[0.939s] -- Symlinking: /home/lucas/rb_diff_ws/src/rb_diff/install/rb_diff/share/rb_diff/description/depth_camera.xacro
[0.947s] -- Symlinking: /home/lucas/rb_diff_ws/src/rb_diff/install/rb_diff/share/rb_diff/description/face.xacro
[0.954s] -- Symlinking: /home/lucas/rb_diff_ws/src/rb_diff/install/rb_diff/share/rb_diff/description/gazebo_control.xacro
[0.962s] -- Symlinking: /home/lucas/rb_diff_ws/src/rb_diff/install/rb_diff/share/rb_diff/description/inertial_macros.xacro
[0.969s] -- Symlinking: /home/lucas/rb_diff_ws/src/rb_diff/install/rb_diff/share/rb_diff/description/lidar.xacro
[0.978s] -- Symlinking: /home/lucas/rb_diff_ws/src/rb_diff/install/rb_diff/share/rb_diff/description/robot.urdf.xacro
[0.986s] -- Symlinking: /home/lucas/rb_diff_ws/src/rb_diff/install/rb_diff/share/rb_diff/description/robot_core.xacro
[0.993s] -- Symlinking: /home/lucas/rb_diff_ws/src/rb_diff/install/rb_diff/share/rb_diff/description/ros2_control.xacro
[1.000s] -- Symlinking: /home/lucas/rb_diff_ws/src/rb_diff/install/rb_diff/share/rb_diff/launch/ball_tracker.launch.py
[1.008s] -- Symlinking: /home/lucas/rb_diff_ws/src/rb_diff/install/rb_diff/share/rb_diff/launch/camera.launch.py
[1.016s] -- Symlinking: /home/lucas/rb_diff_ws/src/rb_diff/install/rb_diff/share/rb_diff/launch/joystick.launch.py
[1.024s] -- Symlinking: /home/lucas/rb_diff_ws/src/rb_diff/install/rb_diff/share/rb_diff/launch/launch_robot.launch.py
[1.032s] -- Symlinking: /home/lucas/rb_diff_ws/src/rb_diff/install/rb_diff/share/rb_diff/launch/launch_sim.launch.py
[1.040s] -- Symlinking: /home/lucas/rb_diff_ws/src/rb_diff/install/rb_diff/share/rb_diff/launch/localization_launch.py
[1.048s] -- Symlinking: /home/lucas/rb_diff_ws/src/rb_diff/install/rb_diff/share/rb_diff/launch/navigation_launch.py
[1.056s] -- Symlinking: /home/lucas/rb_diff_ws/src/rb_diff/install/rb_diff/share/rb_diff/launch/online_async_launch.py
[1.063s] -- Symlinking: /home/lucas/rb_diff_ws/src/rb_diff/install/rb_diff/share/rb_diff/launch/rplidar.launch.py
[1.071s] -- Symlinking: /home/lucas/rb_diff_ws/src/rb_diff/install/rb_diff/share/rb_diff/launch/rsp.launch.py
[1.078s] -- Symlinking: /home/lucas/rb_diff_ws/src/rb_diff/install/rb_diff/share/rb_diff/worlds/empty.world
[1.086s] -- Symlinking: /home/lucas/rb_diff_ws/src/rb_diff/install/rb_diff/share/rb_diff/worlds/obstacles.world
[1.093s] -- Symlinking: /home/lucas/rb_diff_ws/src/rb_diff/install/rb_diff/share/ament_index/resource_index/package_run_dependencies/rb_diff
[1.100s] -- Symlinking: /home/lucas/rb_diff_ws/src/rb_diff/install/rb_diff/share/ament_index/resource_index/parent_prefix_path/rb_diff
[1.110s] -- Symlinking: /home/lucas/rb_diff_ws/src/rb_diff/install/rb_diff/share/rb_diff/environment/ament_prefix_path.sh
[1.118s] -- Symlinking: /home/lucas/rb_diff_ws/src/rb_diff/install/rb_diff/share/rb_diff/environment/ament_prefix_path.dsv
[1.126s] -- Symlinking: /home/lucas/rb_diff_ws/src/rb_diff/install/rb_diff/share/rb_diff/environment/path.sh
[1.133s] -- Symlinking: /home/lucas/rb_diff_ws/src/rb_diff/install/rb_diff/share/rb_diff/environment/path.dsv
[1.141s] -- Symlinking: /home/lucas/rb_diff_ws/src/rb_diff/install/rb_diff/share/rb_diff/local_setup.bash
[1.149s] -- Symlinking: /home/lucas/rb_diff_ws/src/rb_diff/install/rb_diff/share/rb_diff/local_setup.sh
[1.157s] -- Symlinking: /home/lucas/rb_diff_ws/src/rb_diff/install/rb_diff/share/rb_diff/local_setup.zsh
[1.165s] -- Symlinking: /home/lucas/rb_diff_ws/src/rb_diff/install/rb_diff/share/rb_diff/local_setup.dsv
[1.174s] -- Symlinking: /home/lucas/rb_diff_ws/src/rb_diff/install/rb_diff/share/rb_diff/package.dsv
[1.183s] -- Symlinking: /home/lucas/rb_diff_ws/src/rb_diff/install/rb_diff/share/ament_index/resource_index/packages/rb_diff
[1.190s] -- Symlinking: /home/lucas/rb_diff_ws/src/rb_diff/install/rb_diff/share/rb_diff/cmake/rb_diffConfig.cmake
[1.198s] -- Symlinking: /home/lucas/rb_diff_ws/src/rb_diff/install/rb_diff/share/rb_diff/cmake/rb_diffConfig-version.cmake
[1.204s] -- Symlinking: /home/lucas/rb_diff_ws/src/rb_diff/install/rb_diff/share/rb_diff/package.xml
[1.215s] Invoked command in '/home/lucas/rb_diff_ws/src/rb_diff/build/rb_diff' returned '0': CMAKE_PREFIX_PATH=/opt/ros/humble /usr/bin/cmake --install /home/lucas/rb_diff_ws/src/rb_diff/build/rb_diff
