[0.146s] DEBUG:colcon:Command line arguments: ['/home/lucas/.local/bin/colcon', 'build', '--symlink-install']
[0.147s] DEBUG:colcon:Parsed command line arguments: Namespace(log_base=None, log_level=None, verb_name='build', build_base='build', install_base='install', merge_install=False, symlink_install=True, test_result_base=None, continue_on_error=False, executor='parallel', parallel_workers=8, event_handlers=None, ignore_user_meta=False, metas=['./colcon.meta'], base_paths=['.'], packages_ignore=None, packages_ignore_regex=None, paths=None, packages_up_to=None, packages_up_to_regex=None, packages_above=None, packages_above_and_dependencies=None, packages_above_depth=None, packages_select_by_dep=None, packages_skip_by_dep=None, packages_skip_up_to=None, packages_select_build_failed=False, packages_skip_build_finished=False, packages_select_test_failures=False, packages_skip_test_passed=False, packages_select=None, packages_skip=None, packages_select_regex=None, packages_skip_regex=None, packages_start=None, packages_end=None, allow_overriding=[], cmake_args=None, cmake_target=None, cmake_target_skip_unavailable=False, cmake_clean_cache=False, cmake_clean_first=False, cmake_force_configure=False, ament_cmake_args=None, catkin_cmake_args=None, catkin_skip_building_tests=False, mixin_files=None, mixin=None, verb_parser=<colcon_mixin.mixin.mixin_argument.MixinArgumentDecorator object at 0x7a9102498730>, verb_extension=<colcon_core.verb.build.BuildVerb object at 0x7a910265b550>, main=<bound method BuildVerb.main of <colcon_core.verb.build.BuildVerb object at 0x7a910265b550>>, mixin_verb=('build',))
[0.365s] Level 1:colcon.colcon_core.package_discovery:discover_packages(colcon_meta) check parameters
[0.365s] Level 1:colcon.colcon_core.package_discovery:discover_packages(recursive) check parameters
[0.365s] Level 1:colcon.colcon_core.package_discovery:discover_packages(ignore) check parameters
[0.365s] Level 1:colcon.colcon_core.package_discovery:discover_packages(path) check parameters
[0.365s] Level 1:colcon.colcon_core.package_discovery:discover_packages(colcon_meta) discover
[0.365s] Level 1:colcon.colcon_core.package_discovery:discover_packages(recursive) discover
[0.365s] INFO:colcon.colcon_core.package_discovery:Crawling recursively for packages in '/home/lucas/rb_diff_ws/src/rb_diff'
[0.365s] Level 1:colcon.colcon_core.package_identification:_identify(.) by extensions ['ignore', 'ignore_ament_install']
[0.366s] Level 1:colcon.colcon_core.package_identification:_identify(.) by extension 'ignore'
[0.366s] Level 1:colcon.colcon_core.package_identification:_identify(.) by extension 'ignore_ament_install'
[0.366s] Level 1:colcon.colcon_core.package_identification:_identify(.) by extensions ['colcon_pkg']
[0.366s] Level 1:colcon.colcon_core.package_identification:_identify(.) by extension 'colcon_pkg'
[0.366s] Level 1:colcon.colcon_core.package_identification:_identify(.) by extensions ['colcon_meta']
[0.366s] Level 1:colcon.colcon_core.package_identification:_identify(.) by extension 'colcon_meta'
[0.366s] Level 1:colcon.colcon_core.package_identification:_identify(.) by extensions ['ros']
[0.366s] Level 1:colcon.colcon_core.package_identification:_identify(.) by extension 'ros'
[0.384s] DEBUG:colcon.colcon_core.package_identification:Package '.' with type 'ros.ament_cmake' and name 'rb_diff'
[0.384s] Level 1:colcon.colcon_core.package_discovery:discover_packages(recursive) using defaults
[0.385s] Level 1:colcon.colcon_core.package_discovery:discover_packages(ignore) discover
[0.385s] Level 1:colcon.colcon_core.package_discovery:discover_packages(ignore) using defaults
[0.385s] Level 1:colcon.colcon_core.package_discovery:discover_packages(path) discover
[0.385s] Level 1:colcon.colcon_core.package_discovery:discover_packages(path) using defaults
[0.410s] Level 1:colcon.colcon_core.package_discovery:discover_packages(prefix_path) check parameters
[0.410s] Level 1:colcon.colcon_core.package_discovery:discover_packages(prefix_path) discover
[0.413s] DEBUG:colcon.colcon_installed_package_information.package_discovery:Found 364 installed packages in /opt/ros/humble
[0.431s] Level 1:colcon.colcon_core.package_discovery:discover_packages(prefix_path) using defaults
[0.479s] Level 5:colcon.colcon_core.verb:set package 'rb_diff' build argument 'cmake_args' from command line to 'None'
[0.479s] Level 5:colcon.colcon_core.verb:set package 'rb_diff' build argument 'cmake_target' from command line to 'None'
[0.479s] Level 5:colcon.colcon_core.verb:set package 'rb_diff' build argument 'cmake_target_skip_unavailable' from command line to 'False'
[0.479s] Level 5:colcon.colcon_core.verb:set package 'rb_diff' build argument 'cmake_clean_cache' from command line to 'False'
[0.479s] Level 5:colcon.colcon_core.verb:set package 'rb_diff' build argument 'cmake_clean_first' from command line to 'False'
[0.479s] Level 5:colcon.colcon_core.verb:set package 'rb_diff' build argument 'cmake_force_configure' from command line to 'False'
[0.479s] Level 5:colcon.colcon_core.verb:set package 'rb_diff' build argument 'ament_cmake_args' from command line to 'None'
[0.479s] Level 5:colcon.colcon_core.verb:set package 'rb_diff' build argument 'catkin_cmake_args' from command line to 'None'
[0.479s] Level 5:colcon.colcon_core.verb:set package 'rb_diff' build argument 'catkin_skip_building_tests' from command line to 'False'
[0.479s] DEBUG:colcon.colcon_core.verb:Building package 'rb_diff' with the following arguments: {'ament_cmake_args': None, 'build_base': '/home/lucas/rb_diff_ws/src/rb_diff/build/rb_diff', 'catkin_cmake_args': None, 'catkin_skip_building_tests': False, 'cmake_args': None, 'cmake_clean_cache': False, 'cmake_clean_first': False, 'cmake_force_configure': False, 'cmake_target': None, 'cmake_target_skip_unavailable': False, 'install_base': '/home/lucas/rb_diff_ws/src/rb_diff/install/rb_diff', 'merge_install': False, 'path': '/home/lucas/rb_diff_ws/src/rb_diff', 'symlink_install': True, 'test_result_base': None}
[0.479s] INFO:colcon.colcon_core.executor:Executing jobs using 'parallel' executor
[0.481s] DEBUG:colcon.colcon_parallel_executor.executor.parallel:run_until_complete
[0.481s] INFO:colcon.colcon_ros.task.ament_cmake.build:Building ROS package in '/home/lucas/rb_diff_ws/src/rb_diff' with build type 'ament_cmake'
[0.481s] INFO:colcon.colcon_cmake.task.cmake.build:Building CMake package in '/home/lucas/rb_diff_ws/src/rb_diff'
[0.484s] INFO:colcon.colcon_core.plugin_system:Skipping extension 'colcon_core.shell.bat': Not used on non-Windows systems
[0.484s] INFO:colcon.colcon_core.shell:Skip shell extension 'powershell' for command environment: Not usable outside of PowerShell
[0.484s] DEBUG:colcon.colcon_core.shell:Skip shell extension 'dsv' for command environment
[0.492s] DEBUG:colcon.colcon_core.event_handler.log_command:Invoking command in '/home/lucas/rb_diff_ws/src/rb_diff/build/rb_diff': CMAKE_PREFIX_PATH=/opt/ros/humble /usr/bin/cmake /home/lucas/rb_diff_ws/src/rb_diff -DAMENT_CMAKE_SYMLINK_INSTALL=1 -DCMAKE_INSTALL_PREFIX=/home/lucas/rb_diff_ws/src/rb_diff/install/rb_diff
[1.232s] DEBUG:colcon.colcon_core.event_handler.log_command:Invoked command in '/home/lucas/rb_diff_ws/src/rb_diff/build/rb_diff' returned '0': CMAKE_PREFIX_PATH=/opt/ros/humble /usr/bin/cmake /home/lucas/rb_diff_ws/src/rb_diff -DAMENT_CMAKE_SYMLINK_INSTALL=1 -DCMAKE_INSTALL_PREFIX=/home/lucas/rb_diff_ws/src/rb_diff/install/rb_diff
[1.233s] DEBUG:colcon.colcon_core.event_handler.log_command:Invoking command in '/home/lucas/rb_diff_ws/src/rb_diff/build/rb_diff': CMAKE_PREFIX_PATH=/opt/ros/humble /usr/bin/cmake --build /home/lucas/rb_diff_ws/src/rb_diff/build/rb_diff -- -j8 -l8
[1.265s] DEBUG:colcon.colcon_core.event_handler.log_command:Invoked command in '/home/lucas/rb_diff_ws/src/rb_diff/build/rb_diff' returned '0': CMAKE_PREFIX_PATH=/opt/ros/humble /usr/bin/cmake --build /home/lucas/rb_diff_ws/src/rb_diff/build/rb_diff -- -j8 -l8
[1.289s] DEBUG:colcon.colcon_core.event_handler.log_command:Invoking command in '/home/lucas/rb_diff_ws/src/rb_diff/build/rb_diff': CMAKE_PREFIX_PATH=/opt/ros/humble /usr/bin/cmake --install /home/lucas/rb_diff_ws/src/rb_diff/build/rb_diff
[1.696s] Level 1:colcon.colcon_core.environment:create_environment_scripts_only(rb_diff)
[1.697s] DEBUG:colcon.colcon_core.event_handler.log_command:Invoked command in '/home/lucas/rb_diff_ws/src/rb_diff/build/rb_diff' returned '0': CMAKE_PREFIX_PATH=/opt/ros/humble /usr/bin/cmake --install /home/lucas/rb_diff_ws/src/rb_diff/build/rb_diff
[1.708s] Level 1:colcon.colcon_core.environment:checking '/home/lucas/rb_diff_ws/src/rb_diff/install/rb_diff' for CMake module files
[1.709s] Level 1:colcon.colcon_core.environment:checking '/home/lucas/rb_diff_ws/src/rb_diff/install/rb_diff' for CMake config files
[1.710s] Level 1:colcon.colcon_core.shell:create_environment_hook('rb_diff', 'cmake_prefix_path')
[1.710s] INFO:colcon.colcon_core.shell:Creating environment hook '/home/lucas/rb_diff_ws/src/rb_diff/install/rb_diff/share/rb_diff/hook/cmake_prefix_path.ps1'
[1.712s] INFO:colcon.colcon_core.shell:Creating environment descriptor '/home/lucas/rb_diff_ws/src/rb_diff/install/rb_diff/share/rb_diff/hook/cmake_prefix_path.dsv'
[1.713s] INFO:colcon.colcon_core.shell:Creating environment hook '/home/lucas/rb_diff_ws/src/rb_diff/install/rb_diff/share/rb_diff/hook/cmake_prefix_path.sh'
[1.715s] Level 1:colcon.colcon_core.environment:checking '/home/lucas/rb_diff_ws/src/rb_diff/install/rb_diff/bin'
[1.715s] Level 1:colcon.colcon_core.environment:checking '/home/lucas/rb_diff_ws/src/rb_diff/install/rb_diff/lib/pkgconfig/rb_diff.pc'
[1.715s] Level 1:colcon.colcon_core.environment:checking '/home/lucas/rb_diff_ws/src/rb_diff/install/rb_diff/lib/python3.10/site-packages'
[1.716s] Level 1:colcon.colcon_core.environment:checking '/home/lucas/rb_diff_ws/src/rb_diff/install/rb_diff/bin'
[1.717s] INFO:colcon.colcon_core.shell:Creating package script '/home/lucas/rb_diff_ws/src/rb_diff/install/rb_diff/share/rb_diff/package.ps1'
[1.719s] INFO:colcon.colcon_core.shell:Creating package descriptor '/home/lucas/rb_diff_ws/src/rb_diff/install/rb_diff/share/rb_diff/package.dsv'
[1.719s] INFO:colcon.colcon_core.shell:Creating package script '/home/lucas/rb_diff_ws/src/rb_diff/install/rb_diff/share/rb_diff/package.sh'
[1.720s] INFO:colcon.colcon_core.shell:Creating package script '/home/lucas/rb_diff_ws/src/rb_diff/install/rb_diff/share/rb_diff/package.bash'
[1.721s] INFO:colcon.colcon_core.shell:Creating package script '/home/lucas/rb_diff_ws/src/rb_diff/install/rb_diff/share/rb_diff/package.zsh'
[1.723s] Level 1:colcon.colcon_core.environment:create_file_with_runtime_dependencies(/home/lucas/rb_diff_ws/src/rb_diff/install/rb_diff/share/colcon-core/packages/rb_diff)
[1.748s] Level 1:colcon.colcon_core.environment:create_environment_scripts_only(rb_diff)
[1.749s] Level 1:colcon.colcon_core.environment:checking '/home/lucas/rb_diff_ws/src/rb_diff/install/rb_diff' for CMake module files
[1.749s] Level 1:colcon.colcon_core.environment:checking '/home/lucas/rb_diff_ws/src/rb_diff/install/rb_diff' for CMake config files
[1.750s] Level 1:colcon.colcon_core.shell:create_environment_hook('rb_diff', 'cmake_prefix_path')
[1.750s] INFO:colcon.colcon_core.shell:Creating environment hook '/home/lucas/rb_diff_ws/src/rb_diff/install/rb_diff/share/rb_diff/hook/cmake_prefix_path.ps1'
[1.752s] INFO:colcon.colcon_core.shell:Creating environment descriptor '/home/lucas/rb_diff_ws/src/rb_diff/install/rb_diff/share/rb_diff/hook/cmake_prefix_path.dsv'
[1.753s] INFO:colcon.colcon_core.shell:Creating environment hook '/home/lucas/rb_diff_ws/src/rb_diff/install/rb_diff/share/rb_diff/hook/cmake_prefix_path.sh'
[1.754s] Level 1:colcon.colcon_core.environment:checking '/home/lucas/rb_diff_ws/src/rb_diff/install/rb_diff/bin'
[1.754s] Level 1:colcon.colcon_core.environment:checking '/home/lucas/rb_diff_ws/src/rb_diff/install/rb_diff/lib/pkgconfig/rb_diff.pc'
[1.755s] Level 1:colcon.colcon_core.environment:checking '/home/lucas/rb_diff_ws/src/rb_diff/install/rb_diff/lib/python3.10/site-packages'
[1.755s] Level 1:colcon.colcon_core.environment:checking '/home/lucas/rb_diff_ws/src/rb_diff/install/rb_diff/bin'
[1.755s] INFO:colcon.colcon_core.shell:Creating package script '/home/lucas/rb_diff_ws/src/rb_diff/install/rb_diff/share/rb_diff/package.ps1'
[1.756s] INFO:colcon.colcon_core.shell:Creating package descriptor '/home/lucas/rb_diff_ws/src/rb_diff/install/rb_diff/share/rb_diff/package.dsv'
[1.758s] INFO:colcon.colcon_core.shell:Creating package script '/home/lucas/rb_diff_ws/src/rb_diff/install/rb_diff/share/rb_diff/package.sh'
[1.760s] INFO:colcon.colcon_core.shell:Creating package script '/home/lucas/rb_diff_ws/src/rb_diff/install/rb_diff/share/rb_diff/package.bash'
[1.762s] INFO:colcon.colcon_core.shell:Creating package script '/home/lucas/rb_diff_ws/src/rb_diff/install/rb_diff/share/rb_diff/package.zsh'
[1.763s] Level 1:colcon.colcon_core.environment:create_file_with_runtime_dependencies(/home/lucas/rb_diff_ws/src/rb_diff/install/rb_diff/share/colcon-core/packages/rb_diff)
[1.763s] DEBUG:colcon.colcon_parallel_executor.executor.parallel:closing loop
[1.764s] DEBUG:colcon.colcon_parallel_executor.executor.parallel:loop closed
[1.764s] DEBUG:colcon.colcon_parallel_executor.executor.parallel:run_until_complete finished with '0'
[1.764s] DEBUG:colcon.colcon_core.event_reactor:joining thread
[1.777s] INFO:colcon.colcon_core.plugin_system:Skipping extension 'colcon_notification.desktop_notification.terminal_notifier': Not used on non-Darwin systems
[1.777s] INFO:colcon.colcon_core.plugin_system:Skipping extension 'colcon_notification.desktop_notification.win32': Not used on non-Windows systems
[1.777s] INFO:colcon.colcon_notification.desktop_notification:Sending desktop notification using 'notify2'
[1.807s] DEBUG:colcon.colcon_core.event_reactor:joined thread
[1.808s] INFO:colcon.colcon_core.shell:Creating prefix script '/home/lucas/rb_diff_ws/src/rb_diff/install/local_setup.ps1'
[1.810s] INFO:colcon.colcon_core.shell:Creating prefix util module '/home/lucas/rb_diff_ws/src/rb_diff/install/_local_setup_util_ps1.py'
[1.812s] INFO:colcon.colcon_core.shell:Creating prefix chain script '/home/lucas/rb_diff_ws/src/rb_diff/install/setup.ps1'
[1.815s] INFO:colcon.colcon_core.shell:Creating prefix script '/home/lucas/rb_diff_ws/src/rb_diff/install/local_setup.sh'
[1.816s] INFO:colcon.colcon_core.shell:Creating prefix util module '/home/lucas/rb_diff_ws/src/rb_diff/install/_local_setup_util_sh.py'
[1.817s] INFO:colcon.colcon_core.shell:Creating prefix chain script '/home/lucas/rb_diff_ws/src/rb_diff/install/setup.sh'
[1.819s] INFO:colcon.colcon_core.shell:Creating prefix script '/home/lucas/rb_diff_ws/src/rb_diff/install/local_setup.bash'
[1.821s] INFO:colcon.colcon_core.shell:Creating prefix chain script '/home/lucas/rb_diff_ws/src/rb_diff/install/setup.bash'
[1.824s] INFO:colcon.colcon_core.shell:Creating prefix script '/home/lucas/rb_diff_ws/src/rb_diff/install/local_setup.zsh'
[1.826s] INFO:colcon.colcon_core.shell:Creating prefix chain script '/home/lucas/rb_diff_ws/src/rb_diff/install/setup.zsh'
